TN:
SF:src\add.js
FNF:0
FNH:0
DA:1,1
DA:2,1
DA:3,1
DA:4,1
DA:5,1
DA:6,1
DA:7,1
DA:8,1
DA:9,1
DA:10,1
DA:11,1
DA:12,1
DA:13,1
DA:14,1
DA:15,1
DA:16,1
DA:17,1
DA:18,1
LF:18
LH:18
BRDA:1,0,0,1
BRDA:16,1,0,15
BRF:2
BRH:2
end_of_record
TN:
SF:src\capitalize.js
FN:17,capitalize
FNF:1
FNH:1
FNDA:10,capitalize
DA:1,1
DA:2,1
DA:3,1
DA:4,1
DA:5,1
DA:6,1
DA:7,1
DA:8,1
DA:9,1
DA:10,1
DA:11,1
DA:12,1
DA:13,1
DA:14,1
DA:15,1
DA:16,1
DA:17,1
DA:18,1
DA:19,1
DA:20,1
LF:20
LH:20
BRDA:1,0,0,1
BRDA:17,1,0,10
BRF:2
BRH:2
end_of_record
TN:
SF:src\ceil.js
FNF:0
FNH:0
DA:1,1
DA:2,1
DA:3,1
DA:4,1
DA:5,1
DA:6,1
DA:7,1
DA:8,1
DA:9,1
DA:10,1
DA:11,1
DA:12,1
DA:13,1
DA:14,1
DA:15,1
DA:16,1
DA:17,1
DA:18,1
DA:19,1
DA:20,1
DA:21,1
DA:22,1
DA:23,1
DA:24,1
LF:24
LH:24
BRDA:1,0,0,1
BRF:1
BRH:1
end_of_record
TN:
SF:src\filter.js
FN:24,filter
FNF:1
FNH:1
FNDA:8,filter
DA:1,1
DA:2,1
DA:3,1
DA:4,1
DA:5,1
DA:6,1
DA:7,1
DA:8,1
DA:9,1
DA:10,1
DA:11,1
DA:12,1
DA:13,1
DA:14,1
DA:15,1
DA:16,1
DA:17,1
DA:18,1
DA:19,1
DA:20,1
DA:21,1
DA:22,1
DA:23,1
DA:24,8
DA:25,8
DA:26,8
DA:27,8
DA:28,8
DA:29,8
DA:30,8
DA:31,16
DA:32,16
DA:33,8
DA:34,8
DA:35,16
DA:36,7
DA:37,8
DA:38,1
DA:39,1
LF:39
LH:39
BRDA:1,0,0,1
BRDA:24,1,0,8
BRDA:27,2,0,1
BRDA:27,3,0,7
BRDA:30,4,0,16
BRDA:32,5,0,8
BRDA:36,6,0,7
BRF:7
BRH:7
end_of_record
TN:
SF:src\isObject.js
FN:24,isObject
FNF:1
FNH:1
FNDA:38,isObject
DA:1,1
DA:2,1
DA:3,1
DA:4,1
DA:5,1
DA:6,1
DA:7,1
DA:8,1
DA:9,1
DA:10,1
DA:11,1
DA:12,1
DA:13,1
DA:14,1
DA:15,1
DA:16,1
DA:17,1
DA:18,1
DA:19,1
DA:20,1
DA:21,1
DA:22,1
DA:23,1
DA:24,38
DA:25,38
DA:26,38
DA:27,38
DA:28,1
DA:29,1
LF:29
LH:29
BRDA:1,0,0,1
BRDA:24,1,0,38
BRDA:26,2,0,34
BRDA:26,3,0,19
BRF:4
BRH:4
end_of_record
TN:
SF:src\isSymbol.js
FN:18,isSymbol
FNF:1
FNH:1
FNDA:43,isSymbol
DA:1,1
DA:2,1
DA:3,1
DA:4,1
DA:5,1
DA:6,1
DA:7,1
DA:8,1
DA:9,1
DA:10,1
DA:11,1
DA:12,1
DA:13,1
DA:14,1
DA:15,1
DA:16,1
DA:17,1
DA:18,43
DA:19,43
DA:20,43
DA:21,43
DA:22,1
DA:23,1
LF:23
LH:23
BRDA:1,0,0,1
BRDA:18,1,0,43
BRDA:20,2,0,39
BRDA:20,3,0,11
BRDA:20,4,0,6
BRF:5
BRH:5
end_of_record
TN:
SF:src\slice.js
FN:21,slice
FNF:1
FNH:1
FNDA:1,slice
DA:1,1
DA:2,1
DA:3,1
DA:4,1
DA:5,1
DA:6,1
DA:7,1
DA:8,1
DA:9,1
DA:10,1
DA:11,1
DA:12,1
DA:13,1
DA:14,1
DA:15,1
DA:16,1
DA:17,1
DA:18,1
DA:19,1
DA:20,1
DA:21,1
DA:22,1
DA:23,1
DA:24,0
DA:25,0
DA:26,1
DA:27,1
DA:28,1
DA:29,1
DA:30,0
DA:31,0
DA:32,1
DA:33,0
DA:34,0
DA:35,1
DA:36,1
DA:37,1
DA:38,1
DA:39,1
DA:40,1
DA:41,0
DA:42,0
DA:43,1
DA:44,1
DA:45,1
DA:46,1
LF:46
LH:38
BRDA:1,0,0,1
BRDA:21,1,0,1
BRDA:22,2,0,0
BRDA:23,3,0,0
BRDA:26,4,0,0
BRDA:27,5,0,0
BRDA:29,6,0,0
BRDA:32,7,0,0
BRDA:35,8,0,0
BRDA:40,9,0,0
BRF:10
BRH:2
end_of_record
TN:
SF:src\toNumber.js
FN:44,toNumber
FNF:1
FNH:1
FNDA:26,toNumber
DA:1,1
DA:2,1
DA:3,1
DA:4,1
DA:5,1
DA:6,1
DA:7,1
DA:8,1
DA:9,1
DA:10,1
DA:11,1
DA:12,1
DA:13,1
DA:14,1
DA:15,1
DA:16,1
DA:17,1
DA:18,1
DA:19,1
DA:20,1
DA:21,1
DA:22,1
DA:23,1
DA:24,1
DA:25,1
DA:26,1
DA:27,1
DA:28,1
DA:29,1
DA:30,1
DA:31,1
DA:32,1
DA:33,1
DA:34,1
DA:35,1
DA:36,1
DA:37,1
DA:38,1
DA:39,1
DA:40,1
DA:41,1
DA:42,1
DA:43,1
DA:44,26
DA:45,26
DA:46,8
DA:47,8
DA:48,26
DA:49,1
DA:50,1
DA:51,26
DA:52,4
DA:53,4
DA:54,4
DA:55,26
DA:56,5
DA:57,5
DA:58,12
DA:59,12
DA:60,26
DA:61,26
DA:62,26
DA:63,26
DA:64,1
DA:65,1
LF:65
LH:65
BRDA:1,0,0,1
BRDA:44,1,0,26
BRDA:45,2,0,8
BRDA:48,3,0,18
BRDA:48,4,0,1
BRDA:51,5,0,17
BRDA:51,6,0,4
BRDA:52,7,0,0
BRDA:53,8,0,3
BRDA:53,9,0,1
BRDA:55,10,0,17
BRDA:55,11,0,5
BRDA:56,12,0,0
BRDA:58,13,0,12
BRDA:60,14,0,11
BRDA:61,15,0,2
BRDA:61,16,0,1
BRDA:61,17,0,1
BRDA:62,18,0,10
BRDA:62,19,0,2
BRDA:62,20,0,8
BRF:21
BRH:19
end_of_record
TN:
SF:src\toString.js
FN:25,toString
FNF:1
FNH:1
FNDA:25,toString
DA:1,1
DA:2,1
DA:3,1
DA:4,1
DA:5,1
DA:6,1
DA:7,1
DA:8,1
DA:9,1
DA:10,1
DA:11,1
DA:12,1
DA:13,1
DA:14,1
DA:15,1
DA:16,1
DA:17,1
DA:18,1
DA:19,1
DA:20,1
DA:21,1
DA:22,1
DA:23,1
DA:24,1
DA:25,25
DA:26,25
DA:27,25
DA:28,25
DA:29,7
DA:30,7
DA:31,25
DA:32,4
DA:33,4
DA:34,4
DA:35,25
DA:36,1
DA:37,1
DA:38,13
DA:39,25
DA:40,25
DA:41,1
DA:42,1
LF:42
LH:42
BRDA:1,0,0,1
BRDA:25,1,0,25
BRDA:28,2,0,7
BRDA:31,3,0,18
BRDA:31,4,0,4
BRDA:35,5,0,14
BRDA:35,6,0,1
BRDA:38,7,0,13
BRDA:39,8,0,1
BRDA:39,9,0,1
BRDA:39,10,0,12
BRDA:33,11,0,8
BRDA:33,12,0,0
BRF:13
BRH:12
end_of_record
TN:
SF:src\upperFirst.js
FNF:0
FNH:0
DA:1,1
DA:2,1
DA:3,1
DA:4,1
DA:5,1
DA:6,1
DA:7,1
DA:8,1
DA:9,1
DA:10,1
DA:11,1
DA:12,1
DA:13,1
DA:14,1
DA:15,1
DA:16,1
DA:17,1
DA:18,1
DA:19,1
DA:20,1
DA:21,1
LF:21
LH:21
BRDA:1,0,0,1
BRF:1
BRH:1
end_of_record
TN:
SF:src\words.js
FN:10,asciiWords
FN:30,words
FNF:2
FNH:2
FNDA:2,asciiWords
FNDA:5,words
DA:1,1
DA:2,1
DA:3,1
DA:4,1
DA:5,1
DA:6,1
DA:7,1
DA:8,1
DA:9,1
DA:10,2
DA:11,2
DA:12,2
DA:13,1
DA:14,1
DA:15,1
DA:16,1
DA:17,1
DA:18,1
DA:19,1
DA:20,1
DA:21,1
DA:22,1
DA:23,1
DA:24,1
DA:25,1
DA:26,1
DA:27,1
DA:28,1
DA:29,1
DA:30,5
DA:31,5
DA:32,4
DA:33,4
DA:34,4
DA:35,5
DA:36,5
DA:37,1
DA:38,1
LF:38
LH:38
BRDA:1,0,0,1
BRDA:10,1,0,2
BRDA:30,2,0,5
BRDA:31,3,0,4
BRDA:32,4,0,2
BRDA:32,5,0,2
BRDA:33,6,0,3
BRDA:35,7,0,1
BRDA:35,8,0,0
BRF:9
BRH:8
end_of_record
